<?xml version="1.0" encoding="UTF-8"?>
<testng-results ignored="0" total="1" passed="1" failed="0" skipped="0">
  <reporter-output>
  </reporter-output>
  <suite started-at="2024-01-06T22:22:30 IST" name="Suite" finished-at="2024-01-06T22:22:37 IST" duration-ms="6310">
    <groups>
    </groups>
    <test started-at="2024-01-06T22:22:30 IST" name="Test" finished-at="2024-01-06T22:22:37 IST" duration-ms="6310">
      <class name="org.login.LoginTest">
        <test-method signature="f()[pri:0, instance:org.login.LoginTest@55634720]" started-at="2024-01-06T22:22:30 IST" name="f" finished-at="2024-01-06T22:22:37 IST" duration-ms="6272" status="PASS">
          <reporter-output>
          </reporter-output>
        </test-method> <!-- f -->
      </class> <!-- org.login.LoginTest -->
    </test> <!-- Test -->
  </suite> <!-- Suite -->
</testng-results>
