<?xml version="1.0" encoding="UTF-8"?>
<testng-results total="1" passed="1" failed="0" skipped="0">
  <reporter-output>
  </reporter-output>
  <suite started-at="2024-01-05T12:36:05Z" name="Suite" finished-at="2024-01-05T12:36:11Z" duration-ms="5249">
    <groups>
    </groups>
    <test started-at="2024-01-05T12:36:05Z" name="Test" finished-at="2024-01-05T12:36:11Z" duration-ms="5249">
      <class name="org.login.LoginTest">
        <test-method signature="f()[pri:0, instance:org.login.LoginTest@4567f35d]" started-at="2024-01-05T18:06:05Z" name="f" finished-at="2024-01-05T18:06:11Z" duration-ms="5240" status="PASS">
          <reporter-output>
          </reporter-output>
        </test-method> <!-- f -->
      </class> <!-- org.login.LoginTest -->
    </test> <!-- Test -->
  </suite> <!-- Suite -->
</testng-results>
